F:\教学课程\2018-11-20晚班\2019-1-18\1-18\1-18\DEBUG\MAIN.OBJ
F:\教学课程\2018-11-20晚班\2019-1-18\1-18\1-18\DEBUG\VC110.PDB
F:\教学课程\2018-11-20晚班\2019-1-18\1-18\DEBUG\1-18.ILK
F:\教学课程\2018-11-20晚班\2019-1-18\1-18\DEBUG\1-18.EXE
F:\教学课程\2018-11-20晚班\2019-1-18\1-18\DEBUG\1-18.PDB
F:\教学课程\2018-11-20晚班\2019-1-18\1-18\1-18\DEBUG\1-18.RES
F:\教学课程\2018-11-20晚班\2019-1-18\1-18\1-18\Debug\main.obj
F:\教学课程\2018-11-20晚班\2019-1-18\1-18\1-18\Debug\cl.command.1.tlog
F:\教学课程\2018-11-20晚班\2019-1-18\1-18\1-18\Debug\CL.read.1.tlog
F:\教学课程\2018-11-20晚班\2019-1-18\1-18\1-18\Debug\CL.write.1.tlog
F:\教学课程\2018-11-20晚班\2019-1-18\1-18\1-18\Debug\link-cvtres.read.1.tlog
F:\教学课程\2018-11-20晚班\2019-1-18\1-18\1-18\Debug\link-cvtres.write.1.tlog
F:\教学课程\2018-11-20晚班\2019-1-18\1-18\1-18\Debug\link-rc.read.1.tlog
F:\教学课程\2018-11-20晚班\2019-1-18\1-18\1-18\Debug\link-rc.write.1.tlog
F:\教学课程\2018-11-20晚班\2019-1-18\1-18\1-18\Debug\link.command.1.tlog
F:\教学课程\2018-11-20晚班\2019-1-18\1-18\1-18\Debug\link.read.1.tlog
F:\教学课程\2018-11-20晚班\2019-1-18\1-18\1-18\Debug\link.write.1.tlog
F:\教学课程\2018-11-20晚班\2019-1-18\1-18\1-18\Debug\rc.command.1.tlog
F:\教学课程\2018-11-20晚班\2019-1-18\1-18\1-18\Debug\rc.read.1.tlog
F:\教学课程\2018-11-20晚班\2019-1-18\1-18\1-18\Debug\rc.write.1.tlog
F:\教学课程\2018-11-20晚班\2019-1-18\1-18\1-18\Debug\1-18.res
F:\教学课程\2018-11-20晚班\2019-1-18\1-18\1-18\Debug\vc110.idb
F:\教学课程\2018-11-20晚班\2019-1-18\1-18\1-18\Debug\vc110.pdb
F:\教学课程\2018-11-20晚班\2019-1-18\1-18\Debug\1-18.pdb
F:\教学课程\2018-11-20晚班\2019-1-18\1-18\Debug\1-18.exe
F:\教学课程\2018-11-20晚班\2019-1-18\1-18\Debug\1-18.ilk
