生成启动时间为 2019/6/11 18:07:38。
     1>项目“E:\Project\20190318晚班\C++\20190603plane\code\code\code.vcxproj”在节点 2 上(Build 个目标)。
     1>ClCompile:
         C:\Program Files (x86)\Microsoft Visual Studio 11.0\VC\bin\CL.exe /c /ZI /nologo /W3 /WX- /Od /Oy- /D WIN32 /D _DEBUG /D _WINDOWS /D _MBCS /Gm /EHsc /RTC1 /MDd /GS /fp:precise /Zc:wchar_t /Zc:forScope /Fo"Debug\\" /Fd"Debug\vc110.pdb" /Gd /TP /analyze- /errorReport:prompt BigFoePlane.cpp MidFoePlane.cpp PlaneApp.cpp SmallFoePlane.cpp
         SmallFoePlane.cpp
         PlaneApp.cpp
         MidFoePlane.cpp
         BigFoePlane.cpp
         正在生成代码...
       Link:
         C:\Program Files (x86)\Microsoft Visual Studio 11.0\VC\bin\link.exe /ERRORREPORT:PROMPT /OUT:"E:\Project\20190318晚班\C++\20190603plane\code\Debug\code.exe" /INCREMENTAL /NOLOGO kernel32.lib user32.lib gdi32.lib winspool.lib comdlg32.lib advapi32.lib shell32.lib ole32.lib oleaut32.lib uuid.lib odbc32.lib odbccp32.lib /MANIFEST /MANIFESTUAC:"level='asInvoker' uiAccess='false'" /manifest:embed /DEBUG /PDB:"E:\Project\20190318晚班\C++\20190603plane\code\Debug\code.pdb" /SUBSYSTEM:WINDOWS /TLBID:1 /DYNAMICBASE /NXCOMPAT /IMPLIB:"E:\Project\20190318晚班\C++\20190603plane\code\Debug\code.lib" /MACHINE:X86 Debug\code.res
         Debug\Back.obj
         Debug\BigFoePlane.obj
         Debug\BlastFoePlane.obj
         Debug\FoePlane.obj
         Debug\FoePlaneBox.obj
         Debug\Gunner.obj
         Debug\GunnerBox.obj
         Debug\MidFoePlane.obj
         Debug\PlaneApp.obj
         Debug\Player.obj
         Debug\SmallFoePlane.obj
         Debug\WinMain.obj
         code.vcxproj -> E:\Project\20190318晚班\C++\20190603plane\code\Debug\code.exe
     1>已完成生成项目“E:\Project\20190318晚班\C++\20190603plane\code\code\code.vcxproj”(Build 个目标)的操作。

生成成功。

已用时间 00:00:05.03
